<?xml version="1.0" encoding="UTF-8"?>
<coverage generated="1752413882739" clover="3.2.0">
  <project timestamp="1752413882739" name="All files">
    <metrics statements="21" coveredstatements="21" conditionals="22" coveredconditionals="22" methods="7" coveredmethods="7" elements="50" coveredelements="50" complexity="0" loc="21" ncloc="21" packages="1" files="2" classes="2"/>
    <file name="asyncHelper.js" path="/home/g0dmax55/Desktop/FourJunctions/asyncHelper.js">
      <metrics statements="5" coveredstatements="5" conditionals="4" coveredconditionals="4" methods="1" coveredmethods="1"/>
      <line num="2" count="2" type="cond" truecount="4" falsecount="0"/>
      <line num="3" count="1" type="stmt"/>
      <line num="5" count="1" type="stmt"/>
      <line num="6" count="1" type="stmt"/>
      <line num="9" count="1" type="stmt"/>
    </file>
    <file name="utils.js" path="/home/g0dmax55/Desktop/FourJunctions/utils.js">
      <metrics statements="16" coveredstatements="16" conditionals="18" coveredconditionals="18" methods="6" coveredmethods="6"/>
      <line num="2" count="6" type="cond" truecount="5" falsecount="0"/>
      <line num="3" count="3" type="stmt"/>
      <line num="5" count="3" type="stmt"/>
      <line num="9" count="3" type="cond" truecount="4" falsecount="0"/>
      <line num="10" count="2" type="stmt"/>
      <line num="12" count="1" type="stmt"/>
      <line num="13" count="3" type="stmt"/>
      <line num="18" count="3" type="cond" truecount="5" falsecount="0"/>
      <line num="19" count="1" type="stmt"/>
      <line num="21" count="2" type="stmt"/>
      <line num="22" count="2" type="cond" truecount="2" falsecount="0"/>
      <line num="27" count="6" type="cond" truecount="2" falsecount="0"/>
      <line num="28" count="1" type="stmt"/>
      <line num="30" count="5" type="stmt"/>
      <line num="31" count="5" type="stmt"/>
      <line num="34" count="1" type="stmt"/>
    </file>
  </project>
</coverage>
