TN:
SF:asyncHelper.js
FN:1,fetchUserData
FNF:1
FNH:1
FNDA:2,fetchUserData
DA:2,2
DA:3,1
DA:5,1
DA:6,1
DA:9,1
LF:5
LH:5
BRDA:2,0,0,1
BRDA:2,0,1,1
BRDA:2,1,0,2
BRDA:2,1,1,2
BRF:4
BRH:4
end_of_record
TN:
SF:utils.js
FN:1,calculateDiscount
FN:8,filterProducts
FN:12,(anonymous_2)
FN:17,sortProducts
FN:21,(anonymous_4)
FN:26,validateEmail
FNF:6
FNH:6
FNDA:6,calculateDiscount
FNDA:3,filterProducts
FNDA:3,(anonymous_2)
FNDA:3,sortProducts
FNDA:2,(anonymous_4)
FNDA:6,validateEmail
DA:2,6
DA:3,3
DA:5,3
DA:9,3
DA:10,2
DA:12,1
DA:13,3
DA:18,3
DA:19,1
DA:21,2
DA:22,2
DA:27,6
DA:28,1
DA:30,5
DA:31,5
DA:34,1
LF:16
LH:16
BRDA:2,0,0,3
BRDA:2,0,1,3
BRDA:2,1,0,6
BRDA:2,1,1,5
BRDA:2,1,2,4
BRDA:9,2,0,2
BRDA:9,2,1,1
BRDA:9,3,0,3
BRDA:9,3,1,2
BRDA:18,4,0,1
BRDA:18,4,1,2
BRDA:18,5,0,3
BRDA:18,5,1,3
BRDA:18,5,2,2
BRDA:22,6,0,1
BRDA:22,6,1,1
BRDA:27,7,0,1
BRDA:27,7,1,5
BRF:18
BRH:18
end_of_record
